UTF-8
utf-8
UTF-8
utf-8
UTF-8
utf-8
UTF-8
utf-8
['бэтмен']
['бэтмен', 'Для данного слова нет описания 😔']
['пробег', 'Расстояние, пройденное каким-нибудь транспортным средством.']
['пробег', 'Расстояние, пройденное каким-нибудь транспортным средством.']
['прозорливец']
['прозорливец', 'Для данного слова нет описания 😔']
['рекомендация', 'Благоприятный отзыв о ком-чём-нибудь.']
['рекомендация', 'Благоприятный отзыв о ком-чём-нибудь.']
['ладонь']
['ладонь', 'Для данного слова нет описания 😔']
['контрацепция', 'Предотвращение беременности механическими, химическими и другими противозачаточными средствами и способами.']
['контрацепция', 'Предотвращение беременности механическими, химическими и другими противозачаточными средствами и способами.']
['индивидуум', 'Отдельный живой организм, особь, человек как отдельная личность в среде других людей.']
['индивидуум', 'Отдельный живой организм, особь, человек как отдельная личность в среде других людей.']
['антипараллелограмм']
['антипараллелограмм', 'Для данного слова нет описания 😔']
['гурда', 'Клеймо на кавказском холодном оружии, изначально западноевропейского происхождения.']
['гурда', 'Клеймо на кавказском холодном оружии, изначально западноевропейского происхождения.']
['транспортировка', 'Процесс перемещения груза/объекта в место назначения, посредством тех или иных транспортных средств, обычно термин применяется по отношению к штучным доставкам крупногабаритных объектов.']
['транспортировка', 'Процесс перемещения груза/объекта в место назначения, посредством тех или иных транспортных средств, обычно термин применяется по отношению к штучным доставкам крупногабаритных объектов.']
['экспертное мнение']
['экспертное мнение', 'Для данного слова нет описания 😔']
['апофеоз', 'Обожествление, прославление, возвеличение какого-либо лица, события или явления.']
['апофеоз', 'Обожествление, прославление, возвеличение какого-либо лица, события или явления.']
['рокфор']
['рокфор', 'Для данного слова нет описания 😔']
['плавки', 'Мужские трусы или шорты, предназначенные для плавания.']
['плавки', 'Мужские трусы или шорты, предназначенные для плавания.']
['шпионаж', 'Выведывание, собирание или похищение сведений, составляющих военную или государственную тайну, с целью передачи иностранному государству.']
['шпионаж', 'Выведывание, собирание или похищение сведений, составляющих военную или государственную тайну, с целью передачи иностранному государству.']
['решение', 'Постановление, приговор, либо заключение, вывод из чего-нибудь.']
['решение', 'Постановление, приговор, либо заключение, вывод из чего-нибудь.']
['тюфяк']
['тюфяк', 'Для данного слова нет описания 😔']
['чалма']
['чалма', 'Для данного слова нет описания 😔']
['винни пух']
['винни пух', 'Для данного слова нет описания 😔']
['клубника']
['клубника', 'Для данного слова нет описания 😔']
['разнобой']
['разнобой', 'Для данного слова нет описания 😔']
['тимбилдинг', 'Team building — (построение команды) термин, обычно используемый в контексте бизнеса и применяемый к широкому диапазону действий для создания и повышения эффективности работы команды.']
['тимбилдинг', 'Team building — (построение команды) термин, обычно используемый в контексте бизнеса и применяемый к широкому диапазону действий для создания и повышения эффективности работы команды.']
['отрок']
['отрок', 'Для данного слова нет описания 😔']
['ламбрекен']
['ламбрекен', 'Для данного слова нет описания 😔']
['марганцовка', 'Кристаллы или раствор марганцовокислого калия, применяющиеся в качестве обеззараживающего средства.']
['марганцовка', 'Кристаллы или раствор марганцовокислого калия, применяющиеся в качестве обеззараживающего средства.']
['пульсар', 'Пульсирующий источник космического электромагнитного излучения.']
['пульсар', 'Пульсирующий источник космического электромагнитного излучения.']
['стас михайлов']
['стас михайлов', 'Для данного слова нет описания 😔']
['осторожность', 'Это положительная черта характера человека, это качество помогает избегать опасностей, которые исходят от окружающей его среды.']
['осторожность', 'Это положительная черта характера человека, это качество помогает избегать опасностей, которые исходят от окружающей его среды.']
['макет', 'Модель, предварительный образец.']
['макет', 'Модель, предварительный образец.']
['хамство', 'Хамское поведение, хамский поступок.']
['хамство', 'Хамское поведение, хамский поступок.']
['тхэквондо', 'Корейское боевое искусство.']
['тхэквондо', 'Корейское боевое искусство.']
['искушение', 'Внешний повод или влечение согрешить под влиянием порочной наклонности или страсти, изменить сознанному идеалу, отступить от усвоенных убеждений и принципов, нарушить собственный обет, близкая опасность потерять веру или впасть в тяжкий грех.']
['искушение', 'Внешний повод или влечение согрешить под влиянием порочной наклонности или страсти, изменить сознанному идеалу, отступить от усвоенных убеждений и принципов, нарушить собственный обет, близкая опасность потерять веру или впасть в тяжкий грех.']
['англицизм']
['англицизм', 'Для данного слова нет описания 😔']
['ретроград']
['ретроград', 'Для данного слова нет описания 😔']
['дизайнер', 'Это специалист, занимающийся художественно-технической деятельностью в рамках какой-либо из отраслей дизайна.']
['дизайнер', 'Это специалист, занимающийся художественно-технической деятельностью в рамках какой-либо из отраслей дизайна.']
['глыба', 'Большой обломок твёрдого вещества.']
['глыба', 'Большой обломок твёрдого вещества.']
['поселенец', 'Тот, кто впервые поселился где-нибудь на новом, необжитом месте.']
['поселенец', 'Тот, кто впервые поселился где-нибудь на новом, необжитом месте.']
['препаратор']
['препаратор', 'Для данного слова нет описания 😔']
['конспект', 'Краткое изложение, краткая запись содержания чего-нибудь.']
['конспект', 'Краткое изложение, краткая запись содержания чего-нибудь.']
['каторга', 'Тяжёлые принудительные работы для лиц, заключённых в тюрьмах или других местах с особо суровым режимом.']
['каторга', 'Тяжёлые принудительные работы для лиц, заключённых в тюрьмах или других местах с особо суровым режимом.']
['наглец']
['наглец', 'Для данного слова нет описания 😔']
['бестолочь', 'Глупый человек.']
['бестолочь', 'Глупый человек.']
['лоботряс']
['лоботряс', 'Для данного слова нет описания 😔']
['чудовище', 'Сказочное существо в виде небывалого животного.']
['чудовище', 'Сказочное существо в виде небывалого животного.']
['синеклиза']
['синеклиза', 'Для данного слова нет описания 😔']
['распродажа', 'Реализация какого либо товара по сниженным ценам.']
['распродажа', 'Реализация какого либо товара по сниженным ценам.']
['сладость']
['сладость', 'Для данного слова нет описания 😔']
['вегетация']
['вегетация', 'Для данного слова нет описания 😔']
['шельф', 'Прибрежная мелководная зона океана (глубиной до 200 м), материковая отмель.']
['шельф', 'Прибрежная мелководная зона океана (глубиной до 200 м), материковая отмель.']
['песета']
['песета', 'Для данного слова нет описания 😔']
['закалка']
['закалка', 'Для данного слова нет описания 😔']
['периодизация']
['периодизация', 'Для данного слова нет описания 😔']
['реструктуризация']
['реструктуризация', 'Для данного слова нет описания 😔']
['гуляш', 'Национальное блюдо венгров: кусочки говядины или телятины, тушёные с копчёным шпиком, луком, перцем и картофелем. Блюдо относится к категории густых супов']
['гуляш', 'Национальное блюдо венгров: кусочки говядины или телятины, тушёные с копчёным шпиком, луком, перцем и картофелем. Блюдо относится к категории густых супов']
['генератор', 'Машина для превращения механической энергии в электрическую.']
['генератор', 'Машина для превращения механической энергии в электрическую.']
['фоторепортаж']
['фоторепортаж', 'Для данного слова нет описания 😔']
['ассимиляция', 'Совокупность процессов анаболизма в живом организме, в ходе которых различные вещества включаются в его состав.']
['ассимиляция', 'Совокупность процессов анаболизма в живом организме, в ходе которых различные вещества включаются в его состав.']
['почва', 'Верхний слой земной коры.']
['почва', 'Верхний слой земной коры.']
['букет']
['букет', 'Для данного слова нет описания 😔']
['баталия', 'Сражение.']
['баталия', 'Сражение.']
['вечер', 'Часть суток перед наступлением ночи, следующая после окончания дня.']
['вечер', 'Часть суток перед наступлением ночи, следующая после окончания дня.']
['бэкроним']
['бэкроним', 'Для данного слова нет описания 😔']
['форсаж', 'Режим работы некоторых реактивных двигателей, применяемый для временного увеличения тяги в случае необходимости (взлёт, разгон до сверхзвуковой скорости, манёвр воздушного боя).']
['форсаж', 'Режим работы некоторых реактивных двигателей, применяемый для временного увеличения тяги в случае необходимости (взлёт, разгон до сверхзвуковой скорости, манёвр воздушного боя).']
['промоутер']
['промоутер', 'Для данного слова нет описания 😔']
['изъян']
['изъян', 'Для данного слова нет описания 😔']
['рогатка', 'Небольшая деревянная развилина с привязанной к обоим концам вилки резинкой для метания чего-нибудь.']
['рогатка', 'Небольшая деревянная развилина с привязанной к обоим концам вилки резинкой для метания чего-нибудь.']
['готовальня']
['готовальня', 'Для данного слова нет описания 😔']
['манускрипт']
['манускрипт', 'Для данного слова нет описания 😔']
['ксения собчак']
['ксения собчак', 'Для данного слова нет описания 😔']
['слава', 'Почётная известность как свидетельство всеобщего признания заслуг, таланта, всеобщего уважения и восхищения.']
['слава', 'Почётная известность как свидетельство всеобщего признания заслуг, таланта, всеобщего уважения и восхищения.']
['цикл', 'Совокупность явлений, процессов, составляющая кругооборот в течение известного промежутка времени.']
['цикл', 'Совокупность явлений, процессов, составляющая кругооборот в течение известного промежутка времени.']
['эгоцентричный постимпрессионизм']
['эгоцентричный постимпрессионизм', 'Для данного слова нет описания 😔']
['клинч', 'Распространённая техника сдерживания противника в спортивных единоборствах. Клинч — это приём, проводя который боец плотно прижимается к оппоненту и обхватывает его руками. Виды клинча применяются в борьбе, боксе, кикбоксинге, шутбоксинге, тайском боксе, дзюдо, самбо, смешанных боевых искусствах.']
['клинч', 'Распространённая техника сдерживания противника в спортивных единоборствах. Клинч — это приём, проводя который боец плотно прижимается к оппоненту и обхватывает его руками. Виды клинча применяются в борьбе, боксе, кикбоксинге, шутбоксинге, тайском боксе, дзюдо, самбо, смешанных боевых искусствах.']
['самодеятельность']
['самодеятельность', 'Для данного слова нет описания 😔']
['покос', 'Косьба, время уборки сена.']
['покос', 'Косьба, время уборки сена.']
['масло']
['масло', 'Для данного слова нет описания 😔']
['гульден', 'Голландская серебряная монета, а также, прежде, золотая и серебряная монета в разных германских городах.']
['гульден', 'Голландская серебряная монета, а также, прежде, золотая и серебряная монета в разных германских городах.']
['речь', 'Способность говорить.']
['речь', 'Способность говорить.']
['рюкзак']
['рюкзак', 'Для данного слова нет описания 😔']
['узурпатор', 'Лицо, незаконно захватившее, узурпировавшее власть.']
['узурпатор', 'Лицо, незаконно захватившее, узурпировавшее власть.']
['пчеловод']
['пчеловод', 'Для данного слова нет описания 😔']
['шеллак', 'Смолистое вещество некоторых тропических и субтропических растений, употребляется в производстве лака, пластмассы.']
['шеллак', 'Смолистое вещество некоторых тропических и субтропических растений, употребляется в производстве лака, пластмассы.']
['сколопендра']
['сколопендра', 'Для данного слова нет описания 😔']
['каторга', 'Тяжёлые принудительные работы для лиц, заключённых в тюрьмах или других местах с особо суровым режимом.']
['каторга', 'Тяжёлые принудительные работы для лиц, заключённых в тюрьмах или других местах с особо суровым режимом.']
['сиделка', 'Работница младшего медицинского персонала, обслуживающая больных.']
['сиделка', 'Работница младшего медицинского персонала, обслуживающая больных.']
['гол', 'В футболе и сходных играх: очко, выигрываемое после попадания мяча в ворота.']
['гол', 'В футболе и сходных играх: очко, выигрываемое после попадания мяча в ворота.']
['кандибобер']
['кандибобер', 'Для данного слова нет описания 😔']
['сожительство', 'Отношения между партнёрами-«супругами», не оформленные в установленном законом порядке.']
['сожительство', 'Отношения между партнёрами-«супругами», не оформленные в установленном законом порядке.']
['гимназия', 'Общеобразовательное среднее учебное заведение.']
['гимназия', 'Общеобразовательное среднее учебное заведение.']
['унитаз']
['унитаз', 'Для данного слова нет описания 😔']
['сенсор', 'Датчик, сенсор (от англ. sensor) термин систем управления, первичный преобразователь, элемент измерительного, сигнального, регулирующего или управляющего устройства системы, преобразующий контролируемую величину в удобный для использования сигнал.']
['сенсор', 'Датчик, сенсор (от англ. sensor) термин систем управления, первичный преобразователь, элемент измерительного, сигнального, регулирующего или управляющего устройства системы, преобразующий контролируемую величину в удобный для использования сигнал.']
['радиоэлектроника']
['радиоэлектроника', 'Для данного слова нет описания 😔']
['ручей', 'Небольшой постоянный или временный водоток, обычно шириной от нескольких дециметров до нескольких метров.']
['ручей', 'Небольшой постоянный или временный водоток, обычно шириной от нескольких дециметров до нескольких метров.']
['танго', 'Танец в медленном темпе с характерным движением — скользящим шагом.']
['танго', 'Танец в медленном темпе с характерным движением — скользящим шагом.']
['изъятие']
['изъятие', 'Для данного слова нет описания 😔']
['канонада', 'Сильная частая стрельба из многих орудий.']
['канонада', 'Сильная частая стрельба из многих орудий.']
['военщина']
['военщина', 'Для данного слова нет описания 😔']
['аутотренинг', 'Снятие мышечного и нервного напряжения, совершаемое методом самовнушения самостоятельно, без постороннего вмешательства; применяется в медицине, спорте, педагогике, на производстве, в самовоспитании.']['игроман', 'Человек зависящий от игр.']
['игроман', 'Человек зависящий от игр.']
['басмач']
['басмач', 'Для данного слова нет описания 😔']
['лесопилка', 'Предприятие первичной переработки леса на лесоматериалы в системе лесозаготовительной промышленности.']
['лесопилка', 'Предприятие первичной переработки леса на лесоматериалы в системе лесозаготовительной промышленности.']
['рокфор']
['рокфор', 'Для данного слова нет описания 😔']
['клеенка', 'Ткань, покрытая или пропитанная непромокаемым составом.']
['клеенка', 'Ткань, покрытая или пропитанная непромокаемым составом.']
['телеграмма']
['телеграмма', 'Для данного слова нет описания 😔']
['коммуникация']
['коммуникация', 'Для данного слова нет описания 😔']
['ядро', 'Внутренняя, центральная часть чего-нибудь.']
['ядро', 'Внутренняя, центральная часть чего-нибудь.']
['русалка']
['русалка', 'Для данного слова нет описания 😔']
['ребрендинг', 'Активная маркетинговая стратегия, включает комплекс мероприятий по изменению бренда, либо его составляющих: названия, логотипа, слогана, визуального оформления, с изменением позиционирования. Проводится в русле изменения концептуальной идеологии бренда.']
['ребрендинг', 'Активная маркетинговая стратегия, включает комплекс мероприятий по изменению бренда, либо его составляющих: названия, логотипа, слогана, визуального оформления, с изменением позиционирования. Проводится в русле изменения концептуальной идеологии бренда.']
['окурок']
['окурок', 'Для данного слова нет описания 😔']
['жало', 'Орган защиты и нападения у пчёл, ос, скорпионов, а также обиходное название раздвоенного длинного языка у ядовитых змей.']
['жало', 'Орган защиты и нападения у пчёл, ос, скорпионов, а также обиходное название раздвоенного длинного языка у ядовитых змей.']
['электролиз']
['электролиз', 'Для данного слова нет описания 😔']
['терминал', 'Место для посадки и высадки пассажиров или погрузки и выгрузки грузов (перрон железнодорожный или автовокзала, причал для водного транспорта, определённая часть аэропорта).']
['терминал', 'Место для посадки и высадки пассажиров или погрузки и выгрузки грузов (перрон железнодорожный или автовокзала, причал для водного транспорта, определённая часть аэропорта).']
['болячка']
['болячка', 'Для данного слова нет описания 😔']
['хищник']
['хищник', 'Для данного слова нет описания 😔']
['сестра', 'Дочь тех же родителей или одного из них по отношению к другим их детям.']
['сестра', 'Дочь тех же родителей или одного из них по отношению к другим их детям.']
['камея']
['камея', 'Для данного слова нет описания 😔']
['терминал', 'Место для посадки и высадки пассажиров или погрузки и выгрузки грузов (перрон железнодорожный или автовокзала, причал для водного транспорта, определённая часть аэропорта).']
['терминал', 'Место для посадки и высадки пассажиров или погрузки и выгрузки грузов (перрон железнодорожный или автовокзала, причал для водного транспорта, определённая часть аэропорта).']
['лихач', 'Водитель пренебрегающий правилами безопасности езды.']
['лихач', 'Водитель пренебрегающий правилами безопасности езды.']
['павел воля']
['павел воля', 'Для данного слова нет описания 😔']
['стриптизер']
['стриптизер', 'Для данного слова нет описания 😔']
['радиоэлектроника']
['радиоэлектроника', 'Для данного слова нет описания 😔']
['перекресток']
['перекресток', 'Для данного слова нет описания 😔']
['поцелуй']
['поцелуй', 'Для данного слова нет описания 😔']
['эстетика', 'Философское учение об искусстве как особом виде общественной идеологии, посвящённое исследованию идейной сущности и форм прекрасного в художественном творчестве, в природе и в жизни.']
['эстетика', 'Философское учение об искусстве как особом виде общественной идеологии, посвящённое исследованию идейной сущности и форм прекрасного в художественном творчестве, в природе и в жизни.']
['электролиз']
['электролиз', 'Для данного слова нет описания 😔']
['ломбард']
['ломбард', 'Для данного слова нет описания 😔']
['сантехник']
['сантехник', 'Для данного слова нет описания 😔']
['универсиада', 'Сокращение: универс(итет, итетский) и (олимп)иада — международные студенческие соревнования по различным видам спорта.']
['универсиада', 'Сокращение: универс(итет, итетский) и (олимп)иада — международные студенческие соревнования по различным видам спорта.']
['степлер', 'Канцелярское приспособление для скрепления листов бумаги при помощи металлических скобок.']
['степлер', 'Канцелярское приспособление для скрепления листов бумаги при помощи металлических скобок.']
['космос']
['космос', 'Для данного слова нет описания 😔']
['изъян']
['изъян', 'Для данного слова нет описания 😔']
['боксер']
['боксер', 'Для данного слова нет описания 😔']
['виагра', 'Лекарственное средство для увеличения потенции.']
['виагра', 'Лекарственное средство для увеличения потенции.']
['цапля']
['цапля', 'Для данного слова нет описания 😔']
['кошка', 'Домашнее млекопитающее животное из семейства кошачьих, к которому относятся также тигр, лев и т.п.']
['кошка', 'Домашнее млекопитающее животное из семейства кошачьих, к которому относятся также тигр, лев и т.п.']
['брезентовка']
['брезентовка', 'Для данного слова нет описания 😔']
['агония', 'Последняя стадия умирания, которая связана с активизацией компенсаторных механизмов, направленных на борьбу с угасанием жизненных сил организма.']
['агония', 'Последняя стадия умирания, которая связана с активизацией компенсаторных механизмов, направленных на борьбу с угасанием жизненных сил организма.']
['тхэквондо', 'Корейское боевое искусство.']
['тхэквондо', 'Корейское боевое искусство.']
['такелаж']
['такелаж', 'Для данного слова нет описания 😔']
['кровотечение']
['кровотечение', 'Для данного слова нет описания 😔']
['сирена', 'Прибор для получения звуков различной высоты.']
['сирена', 'Прибор для получения звуков различной высоты.']
['антипараллелограмм']
['антипараллелограмм', 'Для данного слова нет описания 😔']
['порнография']
['порнография', 'Для данного слова нет описания 😔']
['мотылек']
['мотылек', 'Для данного слова нет описания 😔']
['сенсор', 'Датчик, сенсор (от англ. sensor) термин систем управления, первичный преобразователь, элемент измерительного, сигнального, регулирующего или управляющего устройства системы, преобразующий контролируемую величину в удобный для использования сигнал.']
['сенсор', 'Датчик, сенсор (от англ. sensor) термин систем управления, первичный преобразователь, элемент измерительного, сигнального, регулирующего или управляющего устройства системы, преобразующий контролируемую величину в удобный для использования сигнал.']
['жвачка', 'Кулинарное изделие, которое состоит из несъедобной эластичной основы и различных вкусовых и ароматических добавок.']
['жвачка', 'Кулинарное изделие, которое состоит из несъедобной эластичной основы и различных вкусовых и ароматических добавок.']
['рокфор']
['рокфор', 'Для данного слова нет описания 😔']
['лилипут', 'Человек очень маленького роста, карлик.']
['лилипут', 'Человек очень маленького роста, карлик.']
['писатель', 'Человек, который занимается литературным трудом, пишет художественные литературные произведения.']
['писатель', 'Человек, который занимается литературным трудом, пишет художественные литературные произведения.']
['иван грозный']
['иван грозный', 'Для данного слова нет описания 😔']
['простой']
['простой', 'Для данного слова нет описания 😔']
['режиссер']
['режиссер', 'Для данного слова нет описания 😔']
['клуб']
['клуб', 'Для данного слова нет описания 😔']
['стилет']
['стилет', 'Для данного слова нет описания 😔']
['кара', 'Наказание, возмездие.']
['кара', 'Наказание, возмездие.']
['плацдарм', 'Пространство, на котором подготавливается и развёртывается военная операция.']
['плацдарм', 'Пространство, на котором подготавливается и развёртывается военная операция.']
['шпала', 'Массивный поперечный деревянный или железобетонный брус, на котором закрепляются рельсы.']
['шпала', 'Массивный поперечный деревянный или железобетонный брус, на котором закрепляются рельсы.']
['бал маскарад', 'Вечер с танцами, участники которого одеты в маскарадные костюмы и маски.']
['бал маскарад', 'Вечер с танцами, участники которого одеты в маскарадные костюмы и маски.']
['фредди крюгер']
['фредди крюгер', 'Для данного слова нет описания 😔']
['ксения собчак']
['ксения собчак', 'Для данного слова нет описания 😔']
['фоторепортаж']
['фоторепортаж', 'Для данного слова нет описания 😔']
['манускрипт']
['манускрипт', 'Для данного слова нет описания 😔']
['гадина']
['гадина', 'Для данного слова нет описания 😔']
['казнь', 'Лишение жизни как высшая мера судебной кары.']
['казнь', 'Лишение жизни как высшая мера судебной кары.']
['макет', 'Модель, предварительный образец.']
['макет', 'Модель, предварительный образец.']
['штопальщик']
['штопальщик', 'Для данного слова нет описания 😔']
['ретранслятор', 'Устройство, искусственный спутник или небесное тело, используемые как промежуточный пункт линии радиосвязи.']
['ретранслятор', 'Устройство, искусственный спутник или небесное тело, используемые как промежуточный пункт линии радиосвязи.']
['мясо', 'Обиходное название мышц.']
['мясо', 'Обиходное название мышц.']
['секстант']
['секстант', 'Для данного слова нет описания 😔']
['иерусалим', 'Древний город на Ближнем Востоке. Столица Государства Израиль с 1949 года.']
['иерусалим', 'Древний город на Ближнем Востоке. Столица Государства Израиль с 1949 года.']
['успеваемость', 'Степень успешности учебных занятий.']
['успеваемость', 'Степень успешности учебных занятий.']
['водораздел']
['водораздел', 'Для данного слова нет описания 😔']
['кнопка']
['кнопка', 'Для данного слова нет описания 😔']
['пергамент', 'Писчий материал из телячьей кожи, употребляемая до изобретения бумаги, а также рукопись на таком материале.']
['пергамент', 'Писчий материал из телячьей кожи, употребляемая до изобретения бумаги, а также рукопись на таком материале.']
['бойница', 'Отверстие для стрельбы.']
['бойница', 'Отверстие для стрельбы.']
['лимонник']
['лимонник', 'Для данного слова нет описания 😔']
['записка', 'Листок бумаги с записью, коротенькое письмо.']
['записка', 'Листок бумаги с записью, коротенькое письмо.']
['бабушка', 'Мать отца или матери.']
['бабушка', 'Мать отца или матери.']
['гонор']
['гонор', 'Для данного слова нет описания 😔']
['тополь']
['тополь', 'Для данного слова нет описания 😔']
['ретроград']
['ретроград', 'Для данного слова нет описания 😔']
['тхэквондо', 'Корейское боевое искусство.']
['тхэквондо', 'Корейское боевое искусство.']
['квадрат']
['квадрат', 'Для данного слова нет описания 😔']
['отряд']
['отряд', 'Для данного слова нет описания 😔']
['номинал', 'Обозначенная цена (на товаре, денежном знаке).']
['номинал', 'Обозначенная цена (на товаре, денежном знаке).']
['синеклиза']
['синеклиза', 'Для данного слова нет описания 😔']
['мотылек']
['мотылек', 'Для данного слова нет описания 😔']
['омлет']
['омлет', 'Для данного слова нет описания 😔']
['ханжество']
['ханжество', 'Для данного слова нет описания 😔']
['эхо', 'Отражение звуков от предметов, отзвук.']
['эхо', 'Отражение звуков от предметов, отзвук.']
['разнобой']
['разнобой', 'Для данного слова нет описания 😔']
['лоботамия', 'Форма психохирургии, нейрохирургическая операция, при которой одна из долей мозга (лобная, теменная, височная или затылочная) иссекается или разъединяется с другими областями мозга.']
['лоботамия', 'Форма психохирургии, нейрохирургическая операция, при которой одна из долей мозга (лобная, теменная, височная или затылочная) иссекается или разъединяется с другими областями мозга.']
['вечность', 'Бесконечное продолжение или повторение данного бытия во времени.']
['вечность', 'Бесконечное продолжение или повторение данного бытия во времени.']
['заманчивое предложение']
['заманчивое предложение', 'Для данного слова нет описания 😔']
['иван грозный']
['иван грозный', 'Для данного слова нет описания 😔']
['факс']
['факс', 'Для данного слова нет описания 😔']
